09:55:49 **** Build of configuration Debug for project testcpp ****
make all 
Building file: ../test/testcpp.cpp
Invoking: GCC C++ Compiler
g++ -O0 -g3 -Wall -c -fmessage-length=0 -MMD -MP -MF"test/testcpp.d" -MT"test/testcpp.d" -o "test/testcpp.o" "../test/testcpp.cpp"
Finished building: ../test/testcpp.cpp
 
Building target: testcpp
Invoking: GCC C++ Linker
g++  -o "testcpp"  ./test/testcpp.o   
Finished building target: testcpp
 
09:59:24 **** Incremental Build of configuration Debug for project testcpp ****
make all 
Building file: ../test/testcpp.cpp
Invoking: GCC C++ Compiler
g++ -O0 -g3 -Wall -c -fmessage-length=0 -MMD -MP -MF"test/testcpp.d" -MT"test/testcpp.d" -o "test/testcpp.o" "../test/testcpp.cpp"
Finished building: ../test/testcpp.cpp
 
Building target: testcpp
Invoking: GCC C++ Linker
g++  -o "testcpp"  ./test/testcpp.o   
Finished building target: testcpp
 
10:06:13 **** Incremental Build of configuration Debug for project testcpp ****
make all 
Building file: ../test/testcpp.cpp
Invoking: GCC C++ Compiler
g++ -O0 -g3 -Wall -c -fmessage-length=0 -MMD -MP -MF"test/testcpp.d" -MT"test/testcpp.d" -o "test/testcpp.o" "../test/testcpp.cpp"
Finished building: ../test/testcpp.cpp
 
Building target: testcpp
Invoking: GCC C++ Linker
g++  -o "testcpp"  ./test/testcpp.o   
Finished building target: testcpp
 
10:06:42 **** Incremental Build of configuration Debug for project testcpp ****
make all 
Building file: ../test/testcpp.cpp
Invoking: GCC C++ Compiler
g++ -O0 -g3 -Wall -c -fmessage-length=0 -MMD -MP -MF"test/testcpp.d" -MT"test/testcpp.d" -o "test/testcpp.o" "../test/testcpp.cpp"
Finished building: ../test/testcpp.cpp
 
Building target: testcpp
Invoking: GCC C++ Linker
g++  -o "testcpp"  ./test/testcpp.o   
Finished building target: testcpp
 
10:06:57 **** Clean-only build of configuration Debug for project testcpp ****
make clean 
rm -rf  ./test/testcpp.o  ./test/testcpp.d  testcpp
 
10:06:59 **** Build of configuration Debug for project testcpp ****
make all 
Building file: ../test/testcpp.cpp
Invoking: GCC C++ Compiler
g++ -O0 -g3 -Wall -c -fmessage-length=0 -MMD -MP -MF"test/testcpp.d" -MT"test/testcpp.d" -o "test/testcpp.o" "../test/testcpp.cpp"
Finished building: ../test/testcpp.cpp
 
Building target: testcpp
Invoking: GCC C++ Linker
g++  -o "testcpp"  ./test/testcpp.o   
Finished building target: testcpp
 
